Arguments: 
  /Users/Arthur/.nvm/versions/node/v10.6.0/bin/node /Users/Arthur/.yarn/bin/yarn.js upload:staging

PATH: 
  /Users/Arthur/.yarn/bin:/Users/Arthur/.config/yarn/global/node_modules/.bin:/Users/Arthur/SysProj/depot_tools:/Users/Arthur/Library/Android/sdk/platform-tools:/Users/Arthur/Library/Android/sdk/tools:/usr/local/Cellar/ninja/1.8.2/bin:/usr/local/opt/llvm/bin:/Library/Frameworks/Python.framework/Versions/3.6/bin:/usr/local/bin:/usr/bin:/bin:/usr/sbin:/sbin:/usr/local/go/bin:/Applications/Wireshark.app/Contents/MacOS:/Users/Arthur/.yarn/bin:/Users/Arthur/.config/yarn/global/node_modules/.bin:/Users/Arthur/SysProj/depot_tools:/Users/Arthur/Library/Android/sdk/platform-tools:/Users/Arthur/Library/Android/sdk/tools:/usr/local/Cellar/ninja/1.8.2/bin:/usr/local/opt/llvm/bin:/Users/Arthur/.nvm/versions/node/v10.6.0/bin:/Library/Frameworks/Python.framework/Versions/3.6/bin:/Users/Arthur/.go_pkg:/Applications/Visual Studio Code.app/Contents/Resources/app/bin:/usr/local/opt/go/libexec/bin:/Users/Arthur/.go_pkg:/Applications/Visual Studio Code.app/Contents/Resources/app/bin:/usr/local/opt/go/libexec/bin

Yarn version: 
  1.5.1

Node version: 
  10.6.0

Platform: 
  darwin x64

npm manifest: 
  {
    "name": "getstats",
    "preferGlobal": true,
    "version": "1.0.7",  "author": {
      "name": "Muaz Khan",
      "email": "muazkh@gmail.com",
      "url": "http://www.muazkhan.com/"
    },
    "description": "A tiny JavaScript library using WebRTC getStats API to return peer connection stats i.e. bandwidth usage, packets lost, local/remote ip addresses and ports, type of connection etc.",
    "scripts": {
      "start": "node server.js"
    },
    "main": "./getStats.js",
    "repository": {
      "type": "git",
      "url": "https://github.com/muaz-khan/getStats.git"
    },
    "keywords": [
      "webrtc",
      "getstats",
      "webrtc-library",
      "library",
      "javascript",
      "rtcweb",
      "webrtc-experiment",
      "javascript-library",
      "muaz",
      "muaz-khan"
    ],
    "analyze": false,
    "license": "MIT",
    "readmeFilename": "README.md",
    "bugs": {
      "url": "https://github.com/muaz-khan/getStats/issues",
      "email": "muazkh@gmail.com"
    },
    "homepage": "https://www.webrtc-experiment.com/getStats/",
    "_id": "getstats@",
    "_from": "getstats@",
    "devDependencies": {
      "grunt": "0.4.5",
      "grunt-bump": "0.7.0",
      "grunt-cli": "0.1.13",
      "grunt-contrib-concat": "0.5.1",
      "grunt-contrib-uglify": "0.11.0",
      "grunt-jsbeautifier": "0.2.10",
      "load-grunt-tasks": "3.4.0"
    }
  }

yarn manifest: 
  No manifest

Lockfile: 
  No lockfile

Trace: 
  Error: Command "upload:staging" not found.
      at new MessageError (/Users/Arthur/.yarn/lib/cli.js:186:110)
      at /Users/Arthur/.yarn/lib/cli.js:87307:17
      at Generator.next (<anonymous>)
      at step (/Users/Arthur/.yarn/lib/cli.js:98:30)
      at /Users/Arthur/.yarn/lib/cli.js:116:14
      at new Promise (<anonymous>)
      at new F (/Users/Arthur/.yarn/lib/cli.js:23451:28)
      at /Users/Arthur/.yarn/lib/cli.js:95:12
      at runCommand (/Users/Arthur/.yarn/lib/cli.js:87312:22)
      at Object.<anonymous> (/Users/Arthur/.yarn/lib/cli.js:87412:14)
